<?xml version="1.0" encoding="utf-8"?>
<TestRun id="833aef70-932c-4624-aa8b-dce4ea3a1bce" name="@pkrvm7jw40e0xgp 2025-09-06 22:29:25" xmlns="http://microsoft.com/schemas/VisualStudio/TeamTest/2010">
  <Times creation="2025-09-06T22:29:25.7058228+00:00" queuing="2025-09-06T22:29:25.7058229+00:00" start="2025-09-06T22:29:25.1945638+00:00" finish="2025-09-06T22:29:25.7062715+00:00" />
  <TestSettings name="default" id="b3dc4e45-a2a1-4d51-bef4-6b433d3093aa">
    <Deployment runDeploymentRoot="_pkrvm7jw40e0xgp_2025-09-06_22_29_25" />
  </TestSettings>
  <TestLists>
    <TestList name="Results Not in a List" id="8c84fa94-04c1-424b-9868-57a2d4851a1d" />
    <TestList name="All Loaded Results" id="19431567-8539-422a-85d7-44ee4e166bda" />
  </TestLists>
  <ResultSummary outcome="Failed">
    <Counters total="0" executed="0" passed="0" failed="0" error="0" timeout="0" aborted="0" inconclusive="0" passedButRunAborted="0" notRunnable="0" notExecuted="0" disconnected="0" warning="0" completed="0" inProgress="0" pending="0" />
    <Output>
      <StdOut>[xUnit.net 00:00:00.00] xUnit.net VSTest Adapter v3.1.1+bf6400fd51 (64-bit .NET 9.0.8)
You must install or update .NET to run this application.
App: /home/runner/work/JustSaying/JustSaying/artifacts/bin/JustSaying.UnitTests/release/JustSaying.UnitTests
Architecture: x64
Framework: 'Microsoft.NETCore.App', version '9.0.0' (x64)
.NET location: /usr/lib/dotnet
The following frameworks were found:
  8.0.19 at [/usr/lib/dotnet/shared/Microsoft.NETCore.App]
Learn more:
https://aka.ms/dotnet/app-launch-failed
To install missing framework, download:
https://aka.ms/dotnet-core-applaunch?framework=Microsoft.NETCore.App&amp;framework_version=9.0.0&amp;arch=x64&amp;rid=ubuntu.24.04-x64&amp;os=ubuntu.24.04
</StdOut>
    </Output>
    <RunInfos>
      <RunInfo computerName="pkrvm7jw40e0xgp" outcome="Error" timestamp="2025-09-06T22:29:25.6465059+00:00">
        <Text>[xUnit.net 00:00:00.08] JustSaying.UnitTests: Catastrophic failure: System.InvalidOperationException: Test process did not return valid JSON (non-object).
   at Xunit.v3.TestProcessLauncherAdapter.GetAssemblyInfo(ITestProcessLauncher launcher, XunitProjectAssembly projectAssembly)
   at Xunit.v3.TestProcessLauncherAdapter.GetAssemblyInfo(XunitProjectAssembly projectAssembly)
   at Xunit.Runner.v3.Xunit3..ctor(XunitProjectAssembly projectAssembly, ISourceInformationProvider sourceInformationProvider, IMessageSink diagnosticMessageSink, ITestProcessLauncher testProcessLauncher)
   at Xunit.Runner.v3.Xunit3.ForDiscoveryAndExecution(XunitProjectAssembly projectAssembly, ISourceInformationProvider sourceInformationProvider, IMessageSink diagnosticMessageSink, ITestProcessLauncher testProcessLauncher)
   at Xunit.XunitFrontController.Create(XunitProjectAssembly projectAssembly, ISourceInformationProvider sourceInformationProvider, IMessageSink diagnosticMessageSink, ITestProcessLauncher testProcessLauncher)
   at Xunit.Runner.VisualStudio.VsTestRunner.RunTestsInAssembly(IRunContext runContext, IFrameworkHandle frameworkHandle, LoggerHelper logger, TestPlatformContext testPlatformContext, RunSettings runSettings, IMessageSink reporterMessageHandler, AssemblyRunInfo runInfo)
   at Xunit.Runner.VisualStudio.VsTestRunner.RunTestsInAssembly(IRunContext runContext, IFrameworkHandle frameworkHandle, LoggerHelper logger, TestPlatformContext testPlatformContext, RunSettings runSettings, IMessageSink reporterMessageHandler, AssemblyRunInfo runInfo)</Text>
      </RunInfo>
      <RunInfo computerName="pkrvm7jw40e0xgp" outcome="Warning" timestamp="2025-09-06T22:29:25.6484229+00:00">
        <Text>No test is available in /home/runner/work/JustSaying/JustSaying/artifacts/bin/JustSaying.UnitTests/release/JustSaying.UnitTests.dll. Make sure that test discoverer &amp; executors are registered and platform &amp; framework version settings are appropriate and try again.</Text>
      </RunInfo>
    </RunInfos>
  </ResultSummary>
</TestRun>